[22:48:15] [main/ERROR]: Failed to load properties from file: server.properties
[22:48:15] [main/INFO]: Environment: authHost='https://authserver.mojang.com', accountsHost='https://api.mojang.com', sessionHost='https://sessionserver.mojang.com', name='PROD'
[22:48:15] [main/INFO]: Found new data pack file/bukkit, loading it automatically
[22:48:15] [main/INFO]: Reloading ResourceManager: Default, bukkit
[22:48:16] [Server-Worker-13/INFO]: Loaded 7 recipes
[22:48:17] [Server thread/INFO]: Starting minecraft server version 1.16.1
[22:48:17] [Server thread/INFO]: Loading properties
[22:48:17] [Server thread/INFO]: This server is running Paper version git-Paper-138 (MC: 1.16.1) (Implementing API version 1.16.1-R0.1-SNAPSHOT)
[22:48:17] [Server thread/INFO]: Debug logging is disabled
[22:48:17] [Server thread/INFO]: Using 4 threads for Netty based IO
[22:48:17] [Server thread/INFO]: Server Ping Player Sample Count: 12
[22:48:17] [Server thread/INFO]: Default game type: SURVIVAL
[22:48:17] [Server thread/INFO]: Generating keypair
[22:48:17] [Server thread/INFO]: Starting Minecraft server on *:25565
[22:48:17] [Server thread/INFO]: Using default channel type
[22:48:18] [Server thread/INFO]: Preparing level "world"
[22:48:18] [Server thread/INFO]: -------- World Settings For [world] --------
[22:48:18] [Server thread/INFO]: Experience Merge Radius: 3.0
[22:48:18] [Server thread/INFO]: Cactus Growth Modifier: 100%
[22:48:18] [Server thread/INFO]: Cane Growth Modifier: 100%
[22:48:18] [Server thread/INFO]: Melon Growth Modifier: 100%
[22:48:18] [Server thread/INFO]: Mushroom Growth Modifier: 100%
[22:48:18] [Server thread/INFO]: Pumpkin Growth Modifier: 100%
[22:48:18] [Server thread/INFO]: Sapling Growth Modifier: 100%
[22:48:18] [Server thread/INFO]: Beetroot Growth Modifier: 100%
[22:48:18] [Server thread/INFO]: Carrot Growth Modifier: 100%
[22:48:18] [Server thread/INFO]: Potato Growth Modifier: 100%
[22:48:18] [Server thread/INFO]: Wheat Growth Modifier: 100%
[22:48:18] [Server thread/INFO]: NetherWart Growth Modifier: 100%
[22:48:18] [Server thread/INFO]: Vine Growth Modifier: 100%
[22:48:18] [Server thread/INFO]: Cocoa Growth Modifier: 100%
[22:48:18] [Server thread/INFO]: Bamboo Growth Modifier: 100%
[22:48:18] [Server thread/INFO]: SweetBerry Growth Modifier: 100%
[22:48:18] [Server thread/INFO]: Kelp Growth Modifier: 100%
[22:48:18] [Server thread/INFO]: Entity Activation Range: An 32 / Mo 32 / Ra 48 / Mi 16 / Tiv true
[22:48:18] [Server thread/INFO]: Tile Max Tick Time: 50ms Entity max Tick Time: 50ms
[22:48:18] [Server thread/INFO]: Hopper Transfer: 8 Hopper Check: 1 Hopper Amount: 1
[22:48:18] [Server thread/INFO]: Max TNT Explosions: 100
[22:48:18] [Server thread/INFO]: Arrow Despawn Rate: 1200 Trident Respawn Rate:1200
[22:48:18] [Server thread/INFO]: Zombie Aggressive Towards Villager: true
[22:48:18] [Server thread/INFO]: Nerfing mobs spawned from spawners: false
[22:48:18] [Server thread/INFO]: Entity Tracking Range: Pl 48 / An 48 / Mo 48 / Mi 32 / Other 64
[22:48:18] [Server thread/INFO]: Item Merge Radius: 2.5
[22:48:18] [Server thread/INFO]: Item Despawn Rate: 6000
[22:48:18] [Server thread/INFO]: Allow Zombie Pigmen to spawn from portal blocks: true
[22:48:18] [Server thread/INFO]: View Distance: 10
[22:48:18] [Server thread/INFO]: Custom Map Seeds:  Village: 10387312 Desert: 14357617 Igloo: 14357618 Jungle: 14357619 Swamp: 14357620 Monument: 10387313 Ocean: 14357621 Shipwreck: 165745295 End City: 10387313 Slime: 987234911 Bastion: 30084232 Fortress: 30084232 Mansion: 10387319 Fossil: 14357921 Portal: 34222645
[22:48:18] [Server thread/INFO]: Mob Spawn Range: 8
[22:48:20] [Server thread/INFO]: -------- World Settings For [world_nether] --------
[22:48:20] [Server thread/INFO]: Experience Merge Radius: 3.0
[22:48:20] [Server thread/INFO]: Cactus Growth Modifier: 100%
[22:48:20] [Server thread/INFO]: Cane Growth Modifier: 100%
[22:48:20] [Server thread/INFO]: Melon Growth Modifier: 100%
[22:48:20] [Server thread/INFO]: Mushroom Growth Modifier: 100%
[22:48:20] [Server thread/INFO]: Pumpkin Growth Modifier: 100%
[22:48:20] [Server thread/INFO]: Sapling Growth Modifier: 100%
[22:48:20] [Server thread/INFO]: Beetroot Growth Modifier: 100%
[22:48:20] [Server thread/INFO]: Carrot Growth Modifier: 100%
[22:48:20] [Server thread/INFO]: Potato Growth Modifier: 100%
[22:48:20] [Server thread/INFO]: Wheat Growth Modifier: 100%
[22:48:20] [Server thread/INFO]: NetherWart Growth Modifier: 100%
[22:48:20] [Server thread/INFO]: Vine Growth Modifier: 100%
[22:48:20] [Server thread/INFO]: Cocoa Growth Modifier: 100%
[22:48:20] [Server thread/INFO]: Bamboo Growth Modifier: 100%
[22:48:20] [Server thread/INFO]: SweetBerry Growth Modifier: 100%
[22:48:20] [Server thread/INFO]: Kelp Growth Modifier: 100%
[22:48:20] [Server thread/INFO]: Entity Activation Range: An 32 / Mo 32 / Ra 48 / Mi 16 / Tiv true
[22:48:20] [Server thread/INFO]: Tile Max Tick Time: 50ms Entity max Tick Time: 50ms
[22:48:20] [Server thread/INFO]: Hopper Transfer: 8 Hopper Check: 1 Hopper Amount: 1
[22:48:20] [Server thread/INFO]: Max TNT Explosions: 100
[22:48:20] [Server thread/INFO]: Arrow Despawn Rate: 1200 Trident Respawn Rate:1200
[22:48:20] [Server thread/INFO]: Zombie Aggressive Towards Villager: true
[22:48:20] [Server thread/INFO]: Nerfing mobs spawned from spawners: false
[22:48:20] [Server thread/INFO]: Entity Tracking Range: Pl 48 / An 48 / Mo 48 / Mi 32 / Other 64
[22:48:20] [Server thread/INFO]: Item Merge Radius: 2.5
[22:48:20] [Server thread/INFO]: Item Despawn Rate: 6000
[22:48:20] [Server thread/INFO]: Allow Zombie Pigmen to spawn from portal blocks: true
[22:48:20] [Server thread/INFO]: View Distance: 10
[22:48:20] [Server thread/INFO]: Custom Map Seeds:  Village: 10387312 Desert: 14357617 Igloo: 14357618 Jungle: 14357619 Swamp: 14357620 Monument: 10387313 Ocean: 14357621 Shipwreck: 165745295 End City: 10387313 Slime: 987234911 Bastion: 30084232 Fortress: 30084232 Mansion: 10387319 Fossil: 14357921 Portal: 34222645
[22:48:20] [Server thread/INFO]: Mob Spawn Range: 8
[22:48:21] [Server thread/WARN]: Unable to find spawn biome
[22:48:21] [Server thread/INFO]: -------- World Settings For [world_the_end] --------
[22:48:21] [Server thread/INFO]: Experience Merge Radius: 3.0
[22:48:21] [Server thread/INFO]: Cactus Growth Modifier: 100%
[22:48:21] [Server thread/INFO]: Cane Growth Modifier: 100%
[22:48:21] [Server thread/INFO]: Melon Growth Modifier: 100%
[22:48:21] [Server thread/INFO]: Mushroom Growth Modifier: 100%
[22:48:21] [Server thread/INFO]: Pumpkin Growth Modifier: 100%
[22:48:21] [Server thread/INFO]: Sapling Growth Modifier: 100%
[22:48:21] [Server thread/INFO]: Beetroot Growth Modifier: 100%
[22:48:21] [Server thread/INFO]: Carrot Growth Modifier: 100%
[22:48:21] [Server thread/INFO]: Potato Growth Modifier: 100%
[22:48:21] [Server thread/INFO]: Wheat Growth Modifier: 100%
[22:48:21] [Server thread/INFO]: NetherWart Growth Modifier: 100%
[22:48:21] [Server thread/INFO]: Vine Growth Modifier: 100%
[22:48:21] [Server thread/INFO]: Cocoa Growth Modifier: 100%
[22:48:21] [Server thread/INFO]: Bamboo Growth Modifier: 100%
[22:48:21] [Server thread/INFO]: SweetBerry Growth Modifier: 100%
[22:48:21] [Server thread/INFO]: Kelp Growth Modifier: 100%
[22:48:21] [Server thread/INFO]: Entity Activation Range: An 32 / Mo 32 / Ra 48 / Mi 16 / Tiv true
[22:48:21] [Server thread/INFO]: Tile Max Tick Time: 50ms Entity max Tick Time: 50ms
[22:48:21] [Server thread/INFO]: Hopper Transfer: 8 Hopper Check: 1 Hopper Amount: 1
[22:48:21] [Server thread/INFO]: Max TNT Explosions: 100
[22:48:21] [Server thread/INFO]: Arrow Despawn Rate: 1200 Trident Respawn Rate:1200
[22:48:21] [Server thread/INFO]: Zombie Aggressive Towards Villager: true
[22:48:21] [Server thread/INFO]: Nerfing mobs spawned from spawners: false
[22:48:21] [Server thread/INFO]: Entity Tracking Range: Pl 48 / An 48 / Mo 48 / Mi 32 / Other 64
[22:48:21] [Server thread/INFO]: Item Merge Radius: 2.5
[22:48:21] [Server thread/INFO]: Item Despawn Rate: 6000
[22:48:21] [Server thread/INFO]: Allow Zombie Pigmen to spawn from portal blocks: true
[22:48:21] [Server thread/INFO]: View Distance: 10
[22:48:21] [Server thread/INFO]: Custom Map Seeds:  Village: 10387312 Desert: 14357617 Igloo: 14357618 Jungle: 14357619 Swamp: 14357620 Monument: 10387313 Ocean: 14357621 Shipwreck: 165745295 End City: 10387313 Slime: 987234911 Bastion: 30084232 Fortress: 30084232 Mansion: 10387319 Fossil: 14357921 Portal: 34222645
[22:48:21] [Server thread/INFO]: Mob Spawn Range: 8
[22:48:21] [Server thread/WARN]: Unable to find spawn biome
[22:48:21] [Server thread/INFO]: Preparing start region for dimension minecraft:overworld
[22:48:21] [Server thread/INFO]: Loaded 0 spawn chunks for world world
[22:48:21] [Server-Worker-12/INFO]: Preparing spawn area: 1%
[22:48:21] [Server thread/INFO]: Time elapsed: 174 ms
[22:48:21] [Server thread/INFO]: Preparing start region for dimension minecraft:the_nether
[22:48:21] [Server thread/INFO]: Loaded 0 spawn chunks for world world_nether
[22:48:21] [Server-Worker-15/INFO]: Preparing spawn area: 0%
[22:48:21] [Server thread/INFO]: Time elapsed: 246 ms
[22:48:21] [Server thread/INFO]: Preparing start region for dimension minecraft:the_end
[22:48:22] [Server thread/INFO]: Loaded 0 spawn chunks for world world_the_end
[22:48:22] [Server-Worker-12/INFO]: Preparing spawn area: 0%
[22:48:22] [Server thread/INFO]: Time elapsed: 254 ms
[22:48:22] [Server thread/INFO]: Running delayed init tasks
[22:48:22] [Server thread/INFO]: Done (4.544s)! For help, type "help"
[22:48:22] [Server thread/INFO]: Timings Reset
[22:48:50] [Server thread/INFO]: Stopping server
[22:48:50] [Server thread/INFO]: Saving players
[22:48:51] [Server thread/INFO]: Saving worlds
[22:48:51] [Server thread/INFO]: Saving chunks for level 'ServerLevel[world]'/minecraft:overworld
[22:48:51] [Server thread/INFO]: ThreadedAnvilChunkStorage (world): All chunks are saved
[22:48:51] [Server thread/INFO]: Saving chunks for level 'ServerLevel[world_nether]'/minecraft:the_nether
[22:48:52] [Server thread/INFO]: ThreadedAnvilChunkStorage (DIM-1): All chunks are saved
[22:48:52] [Server thread/INFO]: Saving chunks for level 'ServerLevel[world_the_end]'/minecraft:the_end
[22:48:52] [Server thread/INFO]: ThreadedAnvilChunkStorage (DIM1): All chunks are saved
[22:48:52] [Server thread/INFO]: ThreadedAnvilChunkStorage (world): All chunks are saved
[22:48:52] [Server thread/INFO]: ThreadedAnvilChunkStorage (DIM-1): All chunks are saved
[22:48:52] [Server thread/INFO]: ThreadedAnvilChunkStorage (DIM1): All chunks are saved
[22:48:52] [Server thread/INFO]: Flushing Chunk IO
[22:48:52] [Server thread/INFO]: Closing Thread Pool
[22:48:52] [Server thread/INFO]: Closing Server
